RegDB source: /kaggle/input/datasets/xqq027/reg-db/RegDB
RegDB prepared at: /kaggle/working/VIREID_Dataset/RegDB
Use training argument: --data-path /kaggle/working/VIREID_Dataset
[UPR-CRE v0.2] command:
 python main.py --dataset regdb --data-path /kaggle/working/VIREID_Dataset --debug wsl --save-path upr_v02_b01_g00_filter055to100_p2s15_step7_20260623_135458_f63d8f5 --arch resnet --trial 1 --seed 1 --model-path /kaggle/input/datasets/truongtranmmcii/uit-cs2309-checkpoint/phase1_model_5.pth --stage1-epoch 0 --stage2-epoch 15 --lr 0.00045 --batch-pidnum 5 --pid-numsample 4 --test-batch 64 --num-workers 2 --device 0 --milestones 8 12 --upr-cre --upr-beta 0.1 --upr-gamma 0.0 --upr-margin-weight 1.0 --upr-warmup-epoch 2 --upr-filter --upr-filter-start-epoch 2 --upr-filter-end-epoch 10 --upr-filter-start-ratio 0.55 --upr-filter-end-ratio 1.0 --upr-filter-min-pairs 40 --save-relation-stats --relation-stats-dir ../saved_regdb_resnet/upr_v02_b01_g00_filter055to100_p2s15_step7_20260623_135458_f63d8f5_1/relation_stats
make dir ../saved_regdb_resnet/upr_v02_b01_g00_filter055to100_p2s15_step7_20260623_135458_f63d8f5_1/log/ successful!
make dir ../saved_regdb_resnet/upr_v02_b01_g00_filter055to100_p2s15_step7_20260623_135458_f63d8f5_1/models/ successful!
Namespace(dataset='regdb', arch='resnet', mode='train', data_path='/kaggle/working/VIREID_Dataset', save_path='../saved_regdb_resnet/upr_v02_b01_g00_filter055to100_p2s15_step7_20260623_135458_f63d8f5_1', lr=0.00045, weight_decay=0.0005, milestones=[8, 12], relabel=1, weak_weight=0.25, tri_weight=0.25, img_h=288, img_w=144, seed=1, num_workers=2, batch_pidnum=5, pid_numsample=4, test_batch=64, sigma=0.8, temperature=3, device=0, stage1_epoch=0, stage2_epoch=15, resume=0, debug='wsl', trial=1, search_mode='all', gall_mode='single', test_mode='t2v', model_path='/kaggle/input/datasets/truongtranmmcii/uit-cs2309-checkpoint/phase1_model_5.pth', save_relation_stats=True, relation_stats_dir='../saved_regdb_resnet/upr_v02_b01_g00_filter055to100_p2s15_step7_20260623_135458_f63d8f5_1/relation_stats', relation_stats_every=1, upr_cre=True, upr_beta=0.1, upr_gamma=0.0, upr_margin_weight=1.0, upr_warmup_epoch=2, upr_filter=True, upr_filter_start_epoch=2, upr_filter_end_epoch=10, upr_filter_start_ratio=0.55, upr_filter_end_ratio=1.0, upr_filter_min_pairs=40, num_classes=206)
building regdb dataset ...
loading regdb dataset ...
Downloading: "https://download.pytorch.org/models/resnet50-0676ba61.pth" to /root/.cache/torch/hub/checkpoints/resnet50-0676ba61.pth
  0%|          | 0.00/97.8M [00:00<?, ?B/s] 15%|█▌        | 15.1M/97.8M [00:00<00:00, 158MB/s] 33%|███▎      | 32.5M/97.8M [00:00<00:00, 172MB/s] 51%|█████     | 49.8M/97.8M [00:00<00:00, 176MB/s] 69%|██████▉   | 67.4M/97.8M [00:00<00:00, 179MB/s] 87%|████████▋ | 84.9M/97.8M [00:00<00:00, 181MB/s]100%|██████████| 97.8M/97.8M [00:00<00:00, 179MB/s]
load /kaggle/input/datasets/truongtranmmcii/uit-cs2309-checkpoint/phase1_model_5.pth
from 0 epoch training
Time: 2026-06-23 13:55:57 | start phase2 from epoch 0
extracting rgb features
extracting ir features
get match labels
[relation diagnostics] epoch=0 common=47 specific=32 remain=99 mutual=0.3310 r2i_acc=0.3732 i2r_acc=0.3468 common_acc=0.5957
=================================================
Epoch: 0;Time: 2026-06-23 14:05:57;Setting: ../saved_regdb_resnet/upr_v02_b01_g00_filter055to100_p2s15_step7_20260623_135458_f63d8f5_1
e_lr: 4.5e-06
r2r_id_loss: 0.054551795;  i2i_id_loss: 0.08403939;  
tri_loss_rgb: 0.0042293505;  tri_loss_ir: 0.003840155;  
i2r_cmo_loss: 1.8587632;  rgb_cross_loss: 4.8078365;  
ir_cross_loss: 4.920094;  r2i_cmo_loss: 1.7914015;  

R1:0.2694;   R10:0.4461;  R20:0.5311;  mAP:0.2799;  mINP:0.2103
                   Best_R1: 0.2694;    Best mAP: 0.2799
=================================================
extracting rgb features
extracting ir features
get match labels
[relation diagnostics] epoch=1 common=59 specific=32 remain=95 mutual=0.3907 r2i_acc=0.4636 i2r_acc=0.4091 common_acc=0.6610
=================================================
Epoch: 1;Time: 2026-06-23 14:16:05;Setting: ../saved_regdb_resnet/upr_v02_b01_g00_filter055to100_p2s15_step7_20260623_135458_f63d8f5_1
e_lr: 4.9050000000000006e-05
r2r_id_loss: 0.33260784;  i2i_id_loss: 0.16046154;  
tri_loss_rgb: 0.0037687162;  tri_loss_ir: 0.0083588315;  
r2i_cmo_loss: 0.6545879;  i2r_cmo_loss: 0.6661307;  
rgb_cross_loss: 1.2470361;  ir_cross_loss: 1.8088968;  

R1:0.3374;   R10:0.4903;  R20:0.5932;  mAP:0.3359;  mINP:0.2534
                   Best_R1: 0.3374;    Best mAP: 0.3359
=================================================
extracting rgb features
extracting ir features
get match labels
[relation diagnostics] epoch=2 common=70 specific=21 remain=14 mutual=0.8235 r2i_acc=0.5765 i2r_acc=0.6556 common_acc=0.6857
=================================================
Epoch: 2;Time: 2026-06-23 14:26:12;Setting: ../saved_regdb_resnet/upr_v02_b01_g00_filter055to100_p2s15_step7_20260623_135458_f63d8f5_1
e_lr: 9.360000000000001e-05
r2r_id_loss: 0.23120873;  i2i_id_loss: 0.13870893;  
tri_loss_rgb: 0.0022153754;  tri_loss_ir: 0.009482702;  
r2i_cmo_loss: 0.34101972;  i2r_cmo_loss: 0.4134153;  
rgb_cross_loss: 0.11228248;  ir_cross_loss: 0.18076366;  

R1:0.3515;   R10:0.5058;  R20:0.5966;  mAP:0.3442;  mINP:0.2494
                   Best_R1: 0.3515;    Best mAP: 0.3442
=================================================
extracting rgb features
extracting ir features
get match labels
[relation diagnostics] epoch=3 common=82 specific=12 remain=15 mutual=0.8913 r2i_acc=0.5870 i2r_acc=0.6465 common_acc=0.6220
=================================================
Epoch: 3;Time: 2026-06-23 14:36:18;Setting: ../saved_regdb_resnet/upr_v02_b01_g00_filter055to100_p2s15_step7_20260623_135458_f63d8f5_1
e_lr: 0.00013815
r2r_id_loss: 0.27523533;  i2i_id_loss: 0.2192389;  
tri_loss_rgb: 0.002686118;  tri_loss_ir: 0.0077627343;  
i2r_cmo_loss: 0.4616293;  rgb_cross_loss: 0.08015636;  
ir_cross_loss: 0.10944064;  r2i_cmo_loss: 0.38233024;  

R1:0.3417;   R10:0.5320;  R20:0.6369;  mAP:0.3554;  mINP:0.2698
                   Best_R1: 0.3515;    Best mAP: 0.3554
=================================================
extracting rgb features
extracting ir features
get match labels
[relation diagnostics] epoch=4 common=91 specific=11 remain=16 mutual=0.9381 r2i_acc=0.5876 i2r_acc=0.6250 common_acc=0.6044
=================================================
Epoch: 4;Time: 2026-06-23 14:46:25;Setting: ../saved_regdb_resnet/upr_v02_b01_g00_filter055to100_p2s15_step7_20260623_135458_f63d8f5_1
e_lr: 0.0001827
r2r_id_loss: 0.7355873;  i2i_id_loss: 0.6705465;  
tri_loss_rgb: 0.011703071;  tri_loss_ir: 0.015955461;  
r2i_cmo_loss: 0.6267526;  i2r_cmo_loss: 0.69374007;  
rgb_cross_loss: 0.40175387;  ir_cross_loss: 0.41056073;  

R1:0.4214;   R10:0.6209;  R20:0.6927;  mAP:0.4064;  mINP:0.3004
                   Best_R1: 0.4214;    Best mAP: 0.4064
=================================================
extracting rgb features
extracting ir features
get match labels
[relation diagnostics] epoch=5 common=95 specific=14 remain=26 mutual=0.8407 r2i_acc=0.6372 i2r_acc=0.7034 common_acc=0.6947
=================================================
Epoch: 5;Time: 2026-06-23 14:56:32;Setting: ../saved_regdb_resnet/upr_v02_b01_g00_filter055to100_p2s15_step7_20260623_135458_f63d8f5_1
e_lr: 0.00022725
r2r_id_loss: 0.28544703;  i2i_id_loss: 0.22535451;  
tri_loss_rgb: 0.005277183;  tri_loss_ir: 0.008225406;  
r2i_cmo_loss: 0.4154047;  i2r_cmo_loss: 0.47591665;  
rgb_cross_loss: 0.07910443;  ir_cross_loss: 0.069865875;  

R1:0.4471;   R10:0.6209;  R20:0.6976;  mAP:0.4221;  mINP:0.3109
                   Best_R1: 0.4471;    Best mAP: 0.4221
=================================================
extracting rgb features
extracting ir features
get match labels
[relation diagnostics] epoch=6 common=100 specific=16 remain=28 mutual=0.8333 r2i_acc=0.6667 i2r_acc=0.7008 common_acc=0.7100
=================================================
Epoch: 6;Time: 2026-06-23 15:06:39;Setting: ../saved_regdb_resnet/upr_v02_b01_g00_filter055to100_p2s15_step7_20260623_135458_f63d8f5_1
e_lr: 0.0002718
r2r_id_loss: 0.38447738;  i2i_id_loss: 0.35710886;  
tri_loss_rgb: 0.007759633;  tri_loss_ir: 0.010316653;  
r2i_cmo_loss: 0.5329099;  i2r_cmo_loss: 0.57746875;  
rgb_cross_loss: 0.12815693;  ir_cross_loss: 0.13573758;  

R1:0.4951;   R10:0.6743;  R20:0.7660;  mAP:0.4651;  mINP:0.3560
                   Best_R1: 0.4951;    Best mAP: 0.4651
=================================================
extracting rgb features
extracting ir features
get match labels
[relation diagnostics] epoch=7 common=122 specific=7 remain=23 mutual=0.9037 r2i_acc=0.7407 i2r_acc=0.7273 common_acc=0.7459
=================================================
Epoch: 7;Time: 2026-06-23 15:16:45;Setting: ../saved_regdb_resnet/upr_v02_b01_g00_filter055to100_p2s15_step7_20260623_135458_f63d8f5_1
e_lr: 0.00031634999999999996
r2r_id_loss: 0.5150639;  i2i_id_loss: 0.49183995;  
tri_loss_rgb: 0.014719706;  tri_loss_ir: 0.01572357;  
r2i_cmo_loss: 0.64647025;  i2r_cmo_loss: 0.6897606;  
rgb_cross_loss: 0.23183191;  ir_cross_loss: 0.216728;  

R1:0.5539;   R10:0.7345;  R20:0.8058;  mAP:0.5170;  mINP:0.3940
                   Best_R1: 0.5539;    Best mAP: 0.5170
=================================================
extracting rgb features
extracting ir features
get match labels
[relation diagnostics] epoch=8 common=134 specific=14 remain=19 mutual=0.8701 r2i_acc=0.7727 i2r_acc=0.7568 common_acc=0.7836
=================================================
Epoch: 8;Time: 2026-06-23 15:26:51;Setting: ../saved_regdb_resnet/upr_v02_b01_g00_filter055to100_p2s15_step7_20260623_135458_f63d8f5_1
e_lr: 3.609e-05
r2r_id_loss: 0.15921421;  i2i_id_loss: 0.12508026;  
tri_loss_rgb: 0.0060764262;  tri_loss_ir: 0.0074330578;  
r2i_cmo_loss: 0.34401911;  i2r_cmo_loss: 0.391748;  
rgb_cross_loss: 0.11818996;  ir_cross_loss: 0.019687438;  

R1:0.6340;   R10:0.8073;  R20:0.8646;  mAP:0.5884;  mINP:0.4457
                   Best_R1: 0.6340;    Best mAP: 0.5884
=================================================
extracting rgb features
extracting ir features
get match labels
[relation diagnostics] epoch=9 common=151 specific=7 remain=21 mutual=0.9264 r2i_acc=0.7914 i2r_acc=0.7471 common_acc=0.7881
=================================================
Epoch: 9;Time: 2026-06-23 15:36:57;Setting: ../saved_regdb_resnet/upr_v02_b01_g00_filter055to100_p2s15_step7_20260623_135458_f63d8f5_1
e_lr: 4.0545000000000006e-05
r2r_id_loss: 0.14554465;  i2i_id_loss: 0.11767005;  
tri_loss_rgb: 0.0048388345;  tri_loss_ir: 0.0058285715;  
r2i_cmo_loss: 0.2974197;  i2r_cmo_loss: 0.35194194;  
rgb_cross_loss: 0.050736174;  ir_cross_loss: 0.015452452;  

R1:0.6408;   R10:0.8097;  R20:0.8709;  mAP:0.6005;  mINP:0.4650
                   Best_R1: 0.6408;    Best mAP: 0.6005
=================================================
extracting rgb features
extracting ir features
get match labels
[relation diagnostics] epoch=10 common=164 specific=3 remain=21 mutual=0.9318 r2i_acc=0.7898 i2r_acc=0.7459 common_acc=0.8049
=================================================
Epoch: 10;Time: 2026-06-23 15:47:03;Setting: ../saved_regdb_resnet/upr_v02_b01_g00_filter055to100_p2s15_step7_20260623_135458_f63d8f5_1
e_lr: 4.5e-05
r2r_id_loss: 0.13981012;  i2i_id_loss: 0.115389034;  
tri_loss_rgb: 0.004627953;  tri_loss_ir: 0.005360876;  
r2i_cmo_loss: 0.27793866;  i2r_cmo_loss: 0.33802497;  
rgb_cross_loss: 0.048871115;  ir_cross_loss: 0.012789685;  

R1:0.6670;   R10:0.8262;  R20:0.8786;  mAP:0.6234;  mINP:0.4897
                   Best_R1: 0.6670;    Best mAP: 0.6234
=================================================
extracting rgb features
extracting ir features
get match labels
[relation diagnostics] epoch=11 common=166 specific=2 remain=21 mutual=0.9326 r2i_acc=0.8090 i2r_acc=0.7486 common_acc=0.8193
=================================================
Epoch: 11;Time: 2026-06-23 15:57:10;Setting: ../saved_regdb_resnet/upr_v02_b01_g00_filter055to100_p2s15_step7_20260623_135458_f63d8f5_1
e_lr: 4.5e-05
r2r_id_loss: 0.12589552;  i2i_id_loss: 0.10516716;  
tri_loss_rgb: 0.0041034156;  tri_loss_ir: 0.0046471753;  
r2i_cmo_loss: 0.25529483;  i2r_cmo_loss: 0.3101173;  
rgb_cross_loss: 0.01673178;  ir_cross_loss: 0.010523325;  

R1:0.6447;   R10:0.8024;  R20:0.8709;  mAP:0.6073;  mINP:0.4861
                   Best_R1: 0.6670;    Best mAP: 0.6234
=================================================
extracting rgb features
extracting ir features
get match labels
[relation diagnostics] epoch=12 common=169 specific=2 remain=17 mutual=0.9494 r2i_acc=0.8034 i2r_acc=0.7514 common_acc=0.8047
=================================================
Epoch: 12;Time: 2026-06-23 16:07:19;Setting: ../saved_regdb_resnet/upr_v02_b01_g00_filter055to100_p2s15_step7_20260623_135458_f63d8f5_1
e_lr: 4.500000000000001e-06
r2r_id_loss: 0.11712281;  i2i_id_loss: 0.09866919;  
tri_loss_rgb: 0.0035387583;  tri_loss_ir: 0.004076666;  
r2i_cmo_loss: 0.24687828;  i2r_cmo_loss: 0.29663676;  
rgb_cross_loss: 0.03415881;  ir_cross_loss: 0.008110331;  

R1:0.6481;   R10:0.8107;  R20:0.8694;  mAP:0.6117;  mINP:0.4880
                   Best_R1: 0.6670;    Best mAP: 0.6234
=================================================
extracting rgb features
extracting ir features
get match labels
[relation diagnostics] epoch=13 common=170 specific=1 remain=19 mutual=0.9497 r2i_acc=0.7989 i2r_acc=0.7486 common_acc=0.8059
=================================================
Epoch: 13;Time: 2026-06-23 16:17:24;Setting: ../saved_regdb_resnet/upr_v02_b01_g00_filter055to100_p2s15_step7_20260623_135458_f63d8f5_1
e_lr: 4.500000000000001e-06
r2r_id_loss: 0.115062825;  i2i_id_loss: 0.097900234;  
tri_loss_rgb: 0.0035152829;  tri_loss_ir: 0.0039510997;  
r2i_cmo_loss: 0.24258523;  i2r_cmo_loss: 0.29002315;  
rgb_cross_loss: 0.012396175;  ir_cross_loss: 0.008445956;  

R1:0.6515;   R10:0.8073;  R20:0.8675;  mAP:0.6193;  mINP:0.4960
                   Best_R1: 0.6670;    Best mAP: 0.6234
=================================================
extracting rgb features
extracting ir features
get match labels
[relation diagnostics] epoch=14 common=171 specific=2 remain=14 mutual=0.9607 r2i_acc=0.8034 i2r_acc=0.7596 common_acc=0.8070
=================================================
Epoch: 14;Time: 2026-06-23 16:27:33;Setting: ../saved_regdb_resnet/upr_v02_b01_g00_filter055to100_p2s15_step7_20260623_135458_f63d8f5_1
e_lr: 4.500000000000001e-06
r2r_id_loss: 0.11743937;  i2i_id_loss: 0.10017401;  
tri_loss_rgb: 0.0034587893;  tri_loss_ir: 0.0038997203;  
r2i_cmo_loss: 0.23965533;  i2r_cmo_loss: 0.2877054;  
rgb_cross_loss: 0.024962148;  ir_cross_loss: 0.008054147;  

R1:0.6534;   R10:0.8107;  R20:0.8714;  mAP:0.6175;  mINP:0.4935
                   Best_R1: 0.6670;    Best mAP: 0.6234
=================================================
Wrote ../saved_regdb_resnet/upr_v02_b01_g00_filter055to100_p2s15_step7_20260623_135458_f63d8f5_1/relation_stats/relation_stats_summary.csv
{'epoch': 0, 'num_r2i_pairs': 142, 'num_i2r_pairs': 124, 'num_common': 47, 'num_specific': 32, 'num_remain': 99, 'mutual_match_ratio': 0.33098591549295775, 'r2i_pair_accuracy': 0.3732394366197183, 'i2r_pair_accuracy': 0.3467741935483871, 'common_accuracy': 0.5957446808510638, 'rgb_entropy_mean': 0.17003308491088964, 'ir_entropy_mean': 0.18085551654863424, 'rgb_margin_mean': 0.5666432981771526, 'ir_margin_mean': 0.5349934934331859, 'proto_common_mean': 0.4523059738443253, 'proto_specific_mean': 0.2990252198651433, 'proto_remain_mean': 0.3325949123110434}
{'epoch': 1, 'num_r2i_pairs': 151, 'num_i2r_pairs': 132, 'num_common': 59, 'num_specific': 32, 'num_remain': 95, 'mutual_match_ratio': 0.39072847682119205, 'r2i_pair_accuracy': 0.46357615894039733, 'i2r_pair_accuracy': 0.4090909090909091, 'common_accuracy': 0.6610169491525424, 'rgb_entropy_mean': 0.1467521671800891, 'ir_entropy_mean': 0.16222749668469363, 'rgb_margin_mean': 0.6138254547992886, 'ir_margin_mean': 0.5886054623583754, 'proto_common_mean': 0.5431020906416036, 'proto_specific_mean': 0.3838102538138628, 'proto_remain_mean': 0.3640299270027562}
{'epoch': 2, 'num_r2i_pairs': 85, 'num_i2r_pairs': 90, 'num_common': 70, 'num_specific': 21, 'num_remain': 14, 'mutual_match_ratio': 0.8235294117647058, 'r2i_pair_accuracy': 0.5764705882352941, 'i2r_pair_accuracy': 0.6555555555555556, 'common_accuracy': 0.6857142857142857, 'rgb_entropy_mean': 0.9771414552702214, 'ir_entropy_mean': 0.9720991631147008, 'rgb_margin_mean': 0.046563441352117034, 'ir_margin_mean': 0.05559790392349707, 'proto_common_mean': 0.7790943937642234, 'proto_specific_mean': 0.6354218834922427, 'proto_remain_mean': 0.4954841562679836}
{'epoch': 3, 'num_r2i_pairs': 92, 'num_i2r_pairs': 99, 'num_common': 82, 'num_specific': 12, 'num_remain': 15, 'mutual_match_ratio': 0.8913043478260869, 'r2i_pair_accuracy': 0.5869565217391305, 'i2r_pair_accuracy': 0.6464646464646465, 'common_accuracy': 0.6219512195121951, 'rgb_entropy_mean': 0.9772701406656581, 'ir_entropy_mean': 0.9721355954194589, 'rgb_margin_mean': 0.04706683187921203, 'ir_margin_mean': 0.05789187134520249, 'proto_common_mean': 0.7736899002296168, 'proto_specific_mean': 0.6845191270112991, 'proto_remain_mean': 0.4720087289810181}
{'epoch': 4, 'num_r2i_pairs': 97, 'num_i2r_pairs': 112, 'num_common': 91, 'num_specific': 11, 'num_remain': 16, 'mutual_match_ratio': 0.9381443298969072, 'r2i_pair_accuracy': 0.5876288659793815, 'i2r_pair_accuracy': 0.625, 'common_accuracy': 0.6043956043956044, 'rgb_entropy_mean': 0.9753136518213253, 'ir_entropy_mean': 0.9724625041001165, 'rgb_margin_mean': 0.05138613646038278, 'ir_margin_mean': 0.05836423589904892, 'proto_common_mean': 0.7420166305133274, 'proto_specific_mean': 0.5338305153629996, 'proto_remain_mean': 0.4382413011044264}
{'epoch': 5, 'num_r2i_pairs': 113, 'num_i2r_pairs': 118, 'num_common': 95, 'num_specific': 14, 'num_remain': 26, 'mutual_match_ratio': 0.8407079646017699, 'r2i_pair_accuracy': 0.6371681415929203, 'i2r_pair_accuracy': 0.7033898305084746, 'common_accuracy': 0.6947368421052632, 'rgb_entropy_mean': 0.9725263792614578, 'ir_entropy_mean': 0.9716479486747199, 'rgb_margin_mean': 0.05786008379135928, 'ir_margin_mean': 0.058259411648290876, 'proto_common_mean': 0.646395332562296, 'proto_specific_mean': 0.43105534676994595, 'proto_remain_mean': 0.4607503437078916}
{'epoch': 6, 'num_r2i_pairs': 120, 'num_i2r_pairs': 127, 'num_common': 100, 'num_specific': 16, 'num_remain': 28, 'mutual_match_ratio': 0.8333333333333334, 'r2i_pair_accuracy': 0.6666666666666666, 'i2r_pair_accuracy': 0.7007874015748031, 'common_accuracy': 0.71, 'rgb_entropy_mean': 0.9725680964872013, 'ir_entropy_mean': 0.9714876232929712, 'rgb_margin_mean': 0.05843676287316196, 'ir_margin_mean': 0.05886770216027195, 'proto_common_mean': 0.6214785984158516, 'proto_specific_mean': 0.45689806807786226, 'proto_remain_mean': 0.40964572929910253}
{'epoch': 7, 'num_r2i_pairs': 135, 'num_i2r_pairs': 143, 'num_common': 122, 'num_specific': 7, 'num_remain': 23, 'mutual_match_ratio': 0.9037037037037037, 'r2i_pair_accuracy': 0.7407407407407407, 'i2r_pair_accuracy': 0.7272727272727273, 'common_accuracy': 0.7459016393442623, 'rgb_entropy_mean': 0.9716338483894331, 'ir_entropy_mean': 0.9715788013238001, 'rgb_margin_mean': 0.0616043201595309, 'ir_margin_mean': 0.060085802692000555, 'proto_common_mean': 0.613686960984449, 'proto_specific_mean': 0.5009895861148834, 'proto_remain_mean': 0.42804648953935376}
{'epoch': 8, 'num_r2i_pairs': 154, 'num_i2r_pairs': 148, 'num_common': 134, 'num_specific': 14, 'num_remain': 19, 'mutual_match_ratio': 0.8701298701298701, 'r2i_pair_accuracy': 0.7727272727272727, 'i2r_pair_accuracy': 0.7567567567567568, 'common_accuracy': 0.7835820895522388, 'rgb_entropy_mean': 0.9714587877169045, 'ir_entropy_mean': 0.971647233852418, 'rgb_margin_mean': 0.062471588967027515, 'ir_margin_mean': 0.05941237033092666, 'proto_common_mean': 0.5602709030482307, 'proto_specific_mean': 0.2695018138204302, 'proto_remain_mean': 0.4113015873651755}
{'epoch': 9, 'num_r2i_pairs': 163, 'num_i2r_pairs': 170, 'num_common': 151, 'num_specific': 7, 'num_remain': 21, 'mutual_match_ratio': 0.9263803680981595, 'r2i_pair_accuracy': 0.7914110429447853, 'i2r_pair_accuracy': 0.7470588235294118, 'common_accuracy': 0.7880794701986755, 'rgb_entropy_mean': 0.9701483109667166, 'ir_entropy_mean': 0.9713570780370248, 'rgb_margin_mean': 0.0672091412596579, 'ir_margin_mean': 0.062266309440874995, 'proto_common_mean': 0.593035174324023, 'proto_specific_mean': 0.37019331966127667, 'proto_remain_mean': 0.3372308723628521}
{'epoch': 10, 'num_r2i_pairs': 176, 'num_i2r_pairs': 181, 'num_common': 164, 'num_specific': 3, 'num_remain': 21, 'mutual_match_ratio': 0.9318181818181818, 'r2i_pair_accuracy': 0.7897727272727273, 'i2r_pair_accuracy': 0.7458563535911602, 'common_accuracy': 0.8048780487804879, 'rgb_entropy_mean': 0.9696066894276819, 'ir_entropy_mean': 0.9711329621321031, 'rgb_margin_mean': 0.06874388601623882, 'ir_margin_mean': 0.06331050073105118, 'proto_common_mean': 0.5947997046679985, 'proto_specific_mean': 0.5187566975752512, 'proto_remain_mean': 0.332344094202632}
{'epoch': 11, 'num_r2i_pairs': 178, 'num_i2r_pairs': 183, 'num_common': 166, 'num_specific': 2, 'num_remain': 21, 'mutual_match_ratio': 0.9325842696629213, 'r2i_pair_accuracy': 0.8089887640449438, 'i2r_pair_accuracy': 0.7486338797814208, 'common_accuracy': 0.8192771084337349, 'rgb_entropy_mean': 0.9690016902257778, 'ir_entropy_mean': 0.970477359308674, 'rgb_margin_mean': 0.0713794581847135, 'ir_margin_mean': 0.06588677641057933, 'proto_common_mean': 0.603915099099458, 'proto_specific_mean': 0.40430948138237, 'proto_remain_mean': 0.3220010133726256}
{'epoch': 12, 'num_r2i_pairs': 178, 'num_i2r_pairs': 181, 'num_common': 169, 'num_specific': 2, 'num_remain': 17, 'mutual_match_ratio': 0.949438202247191, 'r2i_pair_accuracy': 0.8033707865168539, 'i2r_pair_accuracy': 0.7513812154696132, 'common_accuracy': 0.8047337278106509, 'rgb_entropy_mean': 0.9690852146089849, 'ir_entropy_mean': 0.9702836145116339, 'rgb_margin_mean': 0.0717944108365505, 'ir_margin_mean': 0.06734313299370144, 'proto_common_mean': 0.6063764562620919, 'proto_specific_mean': 0.42423197627067566, 'proto_remain_mean': 0.3428185189909795}
{'epoch': 13, 'num_r2i_pairs': 179, 'num_i2r_pairs': 183, 'num_common': 170, 'num_specific': 1, 'num_remain': 19, 'mutual_match_ratio': 0.9497206703910615, 'r2i_pair_accuracy': 0.7988826815642458, 'i2r_pair_accuracy': 0.7486338797814208, 'common_accuracy': 0.8058823529411765, 'rgb_entropy_mean': 0.9687420588116971, 'ir_entropy_mean': 0.9701036946730713, 'rgb_margin_mean': 0.07283510917067139, 'ir_margin_mean': 0.06770811127870432, 'proto_common_mean': 0.6036430826958488, 'proto_specific_mean': 0.3203871548175812, 'proto_remain_mean': 0.32601393994532135}
{'epoch': 14, 'num_r2i_pairs': 178, 'num_i2r_pairs': 183, 'num_common': 171, 'num_specific': 2, 'num_remain': 14, 'mutual_match_ratio': 0.9606741573033708, 'r2i_pair_accuracy': 0.8033707865168539, 'i2r_pair_accuracy': 0.7595628415300546, 'common_accuracy': 0.8070175438596491, 'rgb_entropy_mean': 0.9686479550173529, 'ir_entropy_mean': 0.9698823525460203, 'rgb_margin_mean': 0.07291189376885535, 'ir_margin_mean': 0.06824951404302333, 'proto_common_mean': 0.6069112136001475, 'proto_specific_mean': 0.44892898201942444, 'proto_remain_mean': 0.3129165694117546}
