make dir ../saved_regdb_resnet/upr_b01_g00_w2_p2s15_step6_20260623_063755_6c96804_1/log/ successful!
make dir ../saved_regdb_resnet/upr_b01_g00_w2_p2s15_step6_20260623_063755_6c96804_1/models/ successful!
Namespace(dataset='regdb', arch='resnet', mode='train', data_path='/kaggle/working/VIREID_Dataset', save_path='../saved_regdb_resnet/upr_b01_g00_w2_p2s15_step6_20260623_063755_6c96804_1', lr=0.00045, weight_decay=0.0005, milestones=[8, 12], relabel=1, weak_weight=0.25, tri_weight=0.25, img_h=288, img_w=144, seed=1, num_workers=2, batch_pidnum=5, pid_numsample=4, test_batch=64, sigma=0.8, temperature=3, device=0, stage1_epoch=0, stage2_epoch=15, resume=0, debug='wsl', trial=1, search_mode='all', gall_mode='single', test_mode='t2v', model_path='/kaggle/input/datasets/truongtranmmcii/uit-cs2309-checkpoint/phase1_model_5.pth', save_relation_stats=True, relation_stats_dir='../saved_regdb_resnet/upr_b01_g00_w2_p2s15_step6_20260623_063755_6c96804_1/relation_stats', relation_stats_every=1, upr_cre=True, upr_beta=0.1, upr_gamma=0.0, upr_margin_weight=1.0, upr_warmup_epoch=2, num_classes=206)
building regdb dataset ...
loading regdb dataset ...
Downloading: "https://download.pytorch.org/models/resnet50-0676ba61.pth" to /root/.cache/torch/hub/checkpoints/resnet50-0676ba61.pth
  0%|          | 0.00/97.8M [00:00<?, ?B/s] 24%|██▎       | 23.0M/97.8M [00:00<00:00, 240MB/s] 48%|████▊     | 46.8M/97.8M [00:00<00:00, 245MB/s] 73%|███████▎  | 71.1M/97.8M [00:00<00:00, 249MB/s] 97%|█████████▋| 95.0M/97.8M [00:00<00:00, 250MB/s]100%|██████████| 97.8M/97.8M [00:00<00:00, 248MB/s]
load /kaggle/input/datasets/truongtranmmcii/uit-cs2309-checkpoint/phase1_model_5.pth
from 0 epoch training
Time: 2026-06-23 06:39:39 | start phase2 from epoch 0
extracting rgb features
extracting ir features
get match labels
[relation diagnostics] epoch=0 common=47 specific=32 remain=99 mutual=0.3310 r2i_acc=0.3732 i2r_acc=0.3468 common_acc=0.5957
=================================================
Epoch: 0;Time: 2026-06-23 06:48:14;Setting: ../saved_regdb_resnet/upr_b01_g00_w2_p2s15_step6_20260623_063755_6c96804_1
e_lr: 4.5e-06
r2r_id_loss: 0.054551795;  i2i_id_loss: 0.08403939;  
tri_loss_rgb: 0.0042293505;  tri_loss_ir: 0.003840155;  
i2r_cmo_loss: 1.8587632;  rgb_cross_loss: 4.8078365;  
ir_cross_loss: 4.920094;  r2i_cmo_loss: 1.7914015;  

R1:0.2694;   R10:0.4461;  R20:0.5311;  mAP:0.2799;  mINP:0.2103
                   Best_R1: 0.2694;    Best mAP: 0.2799
=================================================
extracting rgb features
extracting ir features
get match labels
[relation diagnostics] epoch=1 common=59 specific=32 remain=95 mutual=0.3907 r2i_acc=0.4636 i2r_acc=0.4091 common_acc=0.6610
=================================================
Epoch: 1;Time: 2026-06-23 06:56:50;Setting: ../saved_regdb_resnet/upr_b01_g00_w2_p2s15_step6_20260623_063755_6c96804_1
e_lr: 4.9050000000000006e-05
r2r_id_loss: 0.33260784;  i2i_id_loss: 0.16046154;  
tri_loss_rgb: 0.0037687162;  tri_loss_ir: 0.0083588315;  
r2i_cmo_loss: 0.6545879;  i2r_cmo_loss: 0.6661307;  
rgb_cross_loss: 1.2470361;  ir_cross_loss: 1.8088968;  

R1:0.3374;   R10:0.4903;  R20:0.5932;  mAP:0.3359;  mINP:0.2534
                   Best_R1: 0.3374;    Best mAP: 0.3359
=================================================
extracting rgb features
extracting ir features
get match labels
[relation diagnostics] epoch=2 common=113 specific=5 remain=61 mutual=0.7386 r2i_acc=0.5359 i2r_acc=0.4663 common_acc=0.5929
=================================================
Epoch: 2;Time: 2026-06-23 07:05:25;Setting: ../saved_regdb_resnet/upr_b01_g00_w2_p2s15_step6_20260623_063755_6c96804_1
e_lr: 9.360000000000001e-05
r2r_id_loss: 0.26390266;  i2i_id_loss: 0.18049723;  
tri_loss_rgb: 0.0025572493;  tri_loss_ir: 0.0068390616;  
r2i_cmo_loss: 0.35773712;  i2r_cmo_loss: 0.45311204;  
rgb_cross_loss: 0.22023013;  ir_cross_loss: 0.21457486;  

R1:0.3728;   R10:0.5607;  R20:0.6335;  mAP:0.3812;  mINP:0.2935
                   Best_R1: 0.3728;    Best mAP: 0.3812
=================================================
extracting rgb features
extracting ir features
get match labels
[relation diagnostics] epoch=3 common=131 specific=5 remain=52 mutual=0.8397 r2i_acc=0.5577 i2r_acc=0.5434 common_acc=0.6183
=================================================
Epoch: 3;Time: 2026-06-23 07:14:00;Setting: ../saved_regdb_resnet/upr_b01_g00_w2_p2s15_step6_20260623_063755_6c96804_1
e_lr: 0.00013815
r2r_id_loss: 0.28859717;  i2i_id_loss: 0.23271267;  
tri_loss_rgb: 0.0030575108;  tri_loss_ir: 0.005827972;  
r2i_cmo_loss: 0.3687976;  i2r_cmo_loss: 0.44562015;  
rgb_cross_loss: 0.16417801;  ir_cross_loss: 0.11828752;  

R1:0.4136;   R10:0.6112;  R20:0.6927;  mAP:0.4132;  mINP:0.3220
                   Best_R1: 0.4136;    Best mAP: 0.4132
=================================================
extracting rgb features
extracting ir features
get match labels
[relation diagnostics] epoch=4 common=150 specific=2 remain=32 mutual=0.9091 r2i_acc=0.6000 i2r_acc=0.5593 common_acc=0.6133
=================================================
Epoch: 4;Time: 2026-06-23 07:22:34;Setting: ../saved_regdb_resnet/upr_b01_g00_w2_p2s15_step6_20260623_063755_6c96804_1
e_lr: 0.0001827
r2r_id_loss: 0.34464955;  i2i_id_loss: 0.3058206;  
tri_loss_rgb: 0.004682359;  tri_loss_ir: 0.0064008166;  
r2i_cmo_loss: 0.45044395;  i2r_cmo_loss: 0.5009678;  
rgb_cross_loss: 0.14964752;  ir_cross_loss: 0.12348511;  

R1:0.4913;   R10:0.6850;  R20:0.7539;  mAP:0.4707;  mINP:0.3640
                   Best_R1: 0.4913;    Best mAP: 0.4707
=================================================
extracting rgb features
extracting ir features
get match labels
[relation diagnostics] epoch=5 common=155 specific=5 remain=19 mutual=0.9337 r2i_acc=0.6145 i2r_acc=0.6023 common_acc=0.6323
=================================================
Epoch: 5;Time: 2026-06-23 07:31:09;Setting: ../saved_regdb_resnet/upr_b01_g00_w2_p2s15_step6_20260623_063755_6c96804_1
e_lr: 0.00022725
r2r_id_loss: 0.33867955;  i2i_id_loss: 0.3120663;  
tri_loss_rgb: 0.0058706566;  tri_loss_ir: 0.007239128;  
r2i_cmo_loss: 0.4749279;  i2r_cmo_loss: 0.5176989;  
rgb_cross_loss: 0.12652007;  ir_cross_loss: 0.11550404;  

R1:0.5015;   R10:0.6845;  R20:0.7505;  mAP:0.4775;  mINP:0.3587
                   Best_R1: 0.5015;    Best mAP: 0.4775
=================================================
extracting rgb features
extracting ir features
get match labels
[relation diagnostics] epoch=6 common=161 specific=0 remain=21 mutual=0.9415 r2i_acc=0.6199 i2r_acc=0.6089 common_acc=0.6460
=================================================
Epoch: 6;Time: 2026-06-23 07:39:42;Setting: ../saved_regdb_resnet/upr_b01_g00_w2_p2s15_step6_20260623_063755_6c96804_1
e_lr: 0.0002718
r2r_id_loss: 0.19497196;  i2i_id_loss: 0.17486833;  
tri_loss_rgb: 0.0040819147;  tri_loss_ir: 0.0050112396;  
r2i_cmo_loss: 0.35772765;  i2r_cmo_loss: 0.38352633;  
rgb_cross_loss: 0.03474965;  ir_cross_loss: 0.03639477;  

R1:0.4990;   R10:0.6743;  R20:0.7568;  mAP:0.4686;  mINP:0.3481
                   Best_R1: 0.5015;    Best mAP: 0.4775
=================================================
extracting rgb features
extracting ir features
get match labels
[relation diagnostics] epoch=7 common=162 specific=2 remain=21 mutual=0.9310 r2i_acc=0.6207 i2r_acc=0.6257 common_acc=0.6543
=================================================
Epoch: 7;Time: 2026-06-23 07:48:16;Setting: ../saved_regdb_resnet/upr_b01_g00_w2_p2s15_step6_20260623_063755_6c96804_1
e_lr: 0.00031634999999999996
r2r_id_loss: 0.64927536;  i2i_id_loss: 0.66228014;  
tri_loss_rgb: 0.015907751;  tri_loss_ir: 0.016580176;  
r2i_cmo_loss: 0.70974576;  i2r_cmo_loss: 0.72158855;  
rgb_cross_loss: 0.3250305;  ir_cross_loss: 0.34541687;  

R1:0.5335;   R10:0.6922;  R20:0.7607;  mAP:0.5072;  mINP:0.3975
                   Best_R1: 0.5335;    Best mAP: 0.5072
=================================================
extracting rgb features
extracting ir features
get match labels
[relation diagnostics] epoch=8 common=158 specific=8 remain=22 mutual=0.8876 r2i_acc=0.6404 i2r_acc=0.6763 common_acc=0.6962
=================================================
Epoch: 8;Time: 2026-06-23 07:56:49;Setting: ../saved_regdb_resnet/upr_b01_g00_w2_p2s15_step6_20260623_063755_6c96804_1
e_lr: 3.609e-05
r2r_id_loss: 0.1356171;  i2i_id_loss: 0.12641005;  
tri_loss_rgb: 0.0056480514;  tri_loss_ir: 0.0063741338;  
r2i_cmo_loss: 0.35176772;  i2r_cmo_loss: 0.37670445;  
rgb_cross_loss: 0.050647918;  ir_cross_loss: 0.019336898;  

R1:0.5515;   R10:0.7262;  R20:0.7908;  mAP:0.5299;  mINP:0.4143
                   Best_R1: 0.5515;    Best mAP: 0.5299
=================================================
extracting rgb features
extracting ir features
get match labels
[relation diagnostics] epoch=9 common=170 specific=3 remain=16 mutual=0.9497 r2i_acc=0.6592 i2r_acc=0.6486 common_acc=0.6765
=================================================
Epoch: 9;Time: 2026-06-23 08:05:24;Setting: ../saved_regdb_resnet/upr_b01_g00_w2_p2s15_step6_20260623_063755_6c96804_1
e_lr: 4.0545000000000006e-05
r2r_id_loss: 0.13330127;  i2i_id_loss: 0.11697437;  
tri_loss_rgb: 0.0048039136;  tri_loss_ir: 0.0054999096;  
r2i_cmo_loss: 0.304766;  i2r_cmo_loss: 0.32501465;  
rgb_cross_loss: 0.03906446;  ir_cross_loss: 0.013410555;  

R1:0.5495;   R10:0.7146;  R20:0.7947;  mAP:0.5239;  mINP:0.4131
                   Best_R1: 0.5515;    Best mAP: 0.5299
=================================================
extracting rgb features
extracting ir features
get match labels
[relation diagnostics] epoch=10 common=174 specific=2 remain=11 mutual=0.9721 r2i_acc=0.6592 i2r_acc=0.6612 common_acc=0.6724
=================================================
Epoch: 10;Time: 2026-06-23 08:13:59;Setting: ../saved_regdb_resnet/upr_b01_g00_w2_p2s15_step6_20260623_063755_6c96804_1
e_lr: 4.5e-05
r2r_id_loss: 0.12161459;  i2i_id_loss: 0.111934125;  
tri_loss_rgb: 0.0040695574;  tri_loss_ir: 0.004679911;  
r2i_cmo_loss: 0.2714983;  i2r_cmo_loss: 0.2939685;  
rgb_cross_loss: 0.016718116;  ir_cross_loss: 0.010809221;  

R1:0.5568;   R10:0.7194;  R20:0.7874;  mAP:0.5319;  mINP:0.4210
                   Best_R1: 0.5568;    Best mAP: 0.5319
=================================================
extracting rgb features
extracting ir features
get match labels
[relation diagnostics] epoch=11 common=175 specific=1 remain=12 mutual=0.9722 r2i_acc=0.6667 i2r_acc=0.6467 common_acc=0.6686
=================================================
Epoch: 11;Time: 2026-06-23 08:22:36;Setting: ../saved_regdb_resnet/upr_b01_g00_w2_p2s15_step6_20260623_063755_6c96804_1
e_lr: 4.5e-05
r2r_id_loss: 0.11947943;  i2i_id_loss: 0.1071864;  
tri_loss_rgb: 0.0036962228;  tri_loss_ir: 0.0041882237;  
r2i_cmo_loss: 0.25283098;  i2r_cmo_loss: 0.27368394;  
rgb_cross_loss: 0.010538174;  ir_cross_loss: 0.00960666;  

R1:0.5544;   R10:0.7039;  R20:0.7777;  mAP:0.5327;  mINP:0.4213
                   Best_R1: 0.5568;    Best mAP: 0.5327
=================================================
extracting rgb features
extracting ir features
get match labels
[relation diagnostics] epoch=12 common=176 specific=2 remain=8 mutual=0.9832 r2i_acc=0.6592 i2r_acc=0.6503 common_acc=0.6648
=================================================
Epoch: 12;Time: 2026-06-23 08:31:13;Setting: ../saved_regdb_resnet/upr_b01_g00_w2_p2s15_step6_20260623_063755_6c96804_1
e_lr: 4.500000000000001e-06
r2r_id_loss: 0.10794334;  i2i_id_loss: 0.0999795;  
tri_loss_rgb: 0.0032784464;  tri_loss_ir: 0.0038169015;  
r2i_cmo_loss: 0.24326666;  i2r_cmo_loss: 0.2618492;  
rgb_cross_loss: 0.0074782716;  ir_cross_loss: 0.007560649;  

R1:0.5617;   R10:0.7092;  R20:0.7854;  mAP:0.5376;  mINP:0.4275
                   Best_R1: 0.5617;    Best mAP: 0.5376
=================================================
extracting rgb features
extracting ir features
get match labels
[relation diagnostics] epoch=13 common=176 specific=2 remain=7 mutual=0.9832 r2i_acc=0.6592 i2r_acc=0.6538 common_acc=0.6648
=================================================
Epoch: 13;Time: 2026-06-23 08:39:49;Setting: ../saved_regdb_resnet/upr_b01_g00_w2_p2s15_step6_20260623_063755_6c96804_1
e_lr: 4.500000000000001e-06
r2r_id_loss: 0.10296434;  i2i_id_loss: 0.095954485;  
tri_loss_rgb: 0.0032333483;  tri_loss_ir: 0.0035923473;  
r2i_cmo_loss: 0.23957169;  i2r_cmo_loss: 0.25906348;  
rgb_cross_loss: 0.0062939124;  ir_cross_loss: 0.007998858;  

R1:0.5607;   R10:0.7155;  R20:0.7850;  mAP:0.5408;  mINP:0.4299
                   Best_R1: 0.5617;    Best mAP: 0.5408
=================================================
extracting rgb features
extracting ir features
get match labels
[relation diagnostics] epoch=14 common=176 specific=2 remain=8 mutual=0.9832 r2i_acc=0.6592 i2r_acc=0.6503 common_acc=0.6648
=================================================
Epoch: 14;Time: 2026-06-23 08:48:27;Setting: ../saved_regdb_resnet/upr_b01_g00_w2_p2s15_step6_20260623_063755_6c96804_1
e_lr: 4.500000000000001e-06
r2r_id_loss: 0.10468102;  i2i_id_loss: 0.09623735;  
tri_loss_rgb: 0.0030738225;  tri_loss_ir: 0.0035255617;  
r2i_cmo_loss: 0.23406628;  i2r_cmo_loss: 0.25422925;  
rgb_cross_loss: 0.0070573073;  ir_cross_loss: 0.0073323604;  

R1:0.5549;   R10:0.7155;  R20:0.7879;  mAP:0.5390;  mINP:0.4290
                   Best_R1: 0.5617;    Best mAP: 0.5408
=================================================
