make dir ../saved_regdb_resnet/upr_b005_g05_w2_p2s5_step5b_20260622_070939_3257890_1/log/ successful!
make dir ../saved_regdb_resnet/upr_b005_g05_w2_p2s5_step5b_20260622_070939_3257890_1/models/ successful!
Namespace(dataset='regdb', arch='resnet', mode='train', data_path='/kaggle/working/VIREID_Dataset', save_path='../saved_regdb_resnet/upr_b005_g05_w2_p2s5_step5b_20260622_070939_3257890_1', lr=0.00045, weight_decay=0.0005, milestones=[8, 12], relabel=1, weak_weight=0.25, tri_weight=0.25, img_h=288, img_w=144, seed=1, num_workers=2, batch_pidnum=5, pid_numsample=4, test_batch=64, sigma=0.8, temperature=3, device=0, stage1_epoch=0, stage2_epoch=5, resume=0, debug='wsl', trial=1, search_mode='all', gall_mode='single', test_mode='t2v', model_path='/kaggle/working/step5b_checkpoint/phase1_model_5.pth', save_relation_stats=True, relation_stats_dir='../saved_regdb_resnet/upr_b005_g05_w2_p2s5_step5b_20260622_070939_3257890_1/relation_stats', relation_stats_every=1, upr_cre=True, upr_beta=0.05, upr_gamma=0.5, upr_margin_weight=1.0, upr_warmup_epoch=2, num_classes=206)
building regdb dataset ...
loading regdb dataset ...
Downloading: "https://download.pytorch.org/models/resnet50-0676ba61.pth" to /root/.cache/torch/hub/checkpoints/resnet50-0676ba61.pth
  0%|          | 0.00/97.8M [00:00<?, ?B/s] 16%|█▋        | 16.0M/97.8M [00:00<00:00, 167MB/s] 34%|███▍      | 33.2M/97.8M [00:00<00:00, 175MB/s] 51%|█████     | 50.0M/97.8M [00:00<00:00, 175MB/s] 69%|██████▊   | 67.0M/97.8M [00:00<00:00, 176MB/s] 86%|████████▋ | 84.5M/97.8M [00:00<00:00, 178MB/s]100%|██████████| 97.8M/97.8M [00:00<00:00, 179MB/s]
load /kaggle/working/step5b_checkpoint/phase1_model_5.pth
from 0 epoch training
Time: 2026-06-22 07:10:55 | start phase2 from epoch 0
extracting rgb features
extracting ir features
get match labels
[relation diagnostics] epoch=0 common=47 specific=32 remain=99 mutual=0.3310 r2i_acc=0.3732 i2r_acc=0.3468 common_acc=0.5957
=================================================
Epoch: 0;Time: 2026-06-22 07:20:03;Setting: ../saved_regdb_resnet/upr_b005_g05_w2_p2s5_step5b_20260622_070939_3257890_1
e_lr: 4.5e-06
r2r_id_loss: 0.054551795;  i2i_id_loss: 0.08403939;  
tri_loss_rgb: 0.0042293505;  tri_loss_ir: 0.003840155;  
i2r_cmo_loss: 1.8587632;  rgb_cross_loss: 4.8078365;  
ir_cross_loss: 4.920094;  r2i_cmo_loss: 1.7914015;  

R1:0.2694;   R10:0.4461;  R20:0.5311;  mAP:0.2799;  mINP:0.2103
                   Best_R1: 0.2694;    Best mAP: 0.2799
=================================================
extracting rgb features
extracting ir features
get match labels
[relation diagnostics] epoch=1 common=59 specific=32 remain=95 mutual=0.3907 r2i_acc=0.4636 i2r_acc=0.4091 common_acc=0.6610
=================================================
Epoch: 1;Time: 2026-06-22 07:29:18;Setting: ../saved_regdb_resnet/upr_b005_g05_w2_p2s5_step5b_20260622_070939_3257890_1
e_lr: 4.9050000000000006e-05
r2r_id_loss: 0.33260784;  i2i_id_loss: 0.16046154;  
tri_loss_rgb: 0.0037687162;  tri_loss_ir: 0.0083588315;  
r2i_cmo_loss: 0.6545879;  i2r_cmo_loss: 0.6661307;  
rgb_cross_loss: 1.2470361;  ir_cross_loss: 1.8088968;  

R1:0.3374;   R10:0.4903;  R20:0.5932;  mAP:0.3359;  mINP:0.2534
                   Best_R1: 0.3374;    Best mAP: 0.3359
=================================================
extracting rgb features
extracting ir features
get match labels
[relation diagnostics] epoch=2 common=114 specific=7 remain=59 mutual=0.7500 r2i_acc=0.5526 i2r_acc=0.4691 common_acc=0.5965
=================================================
Epoch: 2;Time: 2026-06-22 07:38:31;Setting: ../saved_regdb_resnet/upr_b005_g05_w2_p2s5_step5b_20260622_070939_3257890_1
e_lr: 9.360000000000001e-05
r2r_id_loss: 0.26882187;  i2i_id_loss: 0.1846994;  
tri_loss_rgb: 0.0026715575;  tri_loss_ir: 0.0067593055;  
r2i_cmo_loss: 0.35999396;  i2r_cmo_loss: 0.4583433;  
rgb_cross_loss: 0.2371737;  ir_cross_loss: 0.22126931;  

R1:0.3801;   R10:0.5636;  R20:0.6451;  mAP:0.3836;  mINP:0.2970
                   Best_R1: 0.3801;    Best mAP: 0.3836
=================================================
extracting rgb features
extracting ir features
get match labels
[relation diagnostics] epoch=3 common=134 specific=4 remain=42 mutual=0.8701 r2i_acc=0.5779 i2r_acc=0.5449 common_acc=0.6194
=================================================
Epoch: 3;Time: 2026-06-22 07:47:45;Setting: ../saved_regdb_resnet/upr_b005_g05_w2_p2s5_step5b_20260622_070939_3257890_1
e_lr: 0.00013815
r2r_id_loss: 0.30866635;  i2i_id_loss: 0.24632092;  
tri_loss_rgb: 0.0033349493;  tri_loss_ir: 0.005919688;  
r2i_cmo_loss: 0.3814063;  i2r_cmo_loss: 0.4594771;  
rgb_cross_loss: 0.18768959;  ir_cross_loss: 0.12592205;  

R1:0.4481;   R10:0.6267;  R20:0.7087;  mAP:0.4430;  mINP:0.3450
                   Best_R1: 0.4481;    Best mAP: 0.4430
=================================================
extracting rgb features
extracting ir features
get match labels
[relation diagnostics] epoch=4 common=148 specific=1 remain=37 mutual=0.9136 r2i_acc=0.6049 i2r_acc=0.5449 common_acc=0.6081
=================================================
Epoch: 4;Time: 2026-06-22 07:56:59;Setting: ../saved_regdb_resnet/upr_b005_g05_w2_p2s5_step5b_20260622_070939_3257890_1
e_lr: 0.0001827
r2r_id_loss: 0.2942864;  i2i_id_loss: 0.24616045;  
tri_loss_rgb: 0.004098362;  tri_loss_ir: 0.005744846;  
r2i_cmo_loss: 0.41412178;  i2r_cmo_loss: 0.47008774;  
rgb_cross_loss: 0.11921168;  ir_cross_loss: 0.088233;  

R1:0.4578;   R10:0.6519;  R20:0.7286;  mAP:0.4491;  mINP:0.3462
                   Best_R1: 0.4578;    Best mAP: 0.4491
=================================================
