make dir ../saved_regdb_resnet/upr_b01_g00_w2_p2s5_step5b_20260622_070939_3257890_1/log/ successful!
make dir ../saved_regdb_resnet/upr_b01_g00_w2_p2s5_step5b_20260622_070939_3257890_1/models/ successful!
Namespace(dataset='regdb', arch='resnet', mode='train', data_path='/kaggle/working/VIREID_Dataset', save_path='../saved_regdb_resnet/upr_b01_g00_w2_p2s5_step5b_20260622_070939_3257890_1', lr=0.00045, weight_decay=0.0005, milestones=[8, 12], relabel=1, weak_weight=0.25, tri_weight=0.25, img_h=288, img_w=144, seed=1, num_workers=2, batch_pidnum=5, pid_numsample=4, test_batch=64, sigma=0.8, temperature=3, device=0, stage1_epoch=0, stage2_epoch=5, resume=0, debug='wsl', trial=1, search_mode='all', gall_mode='single', test_mode='t2v', model_path='/kaggle/working/step5b_checkpoint/phase1_model_5.pth', save_relation_stats=True, relation_stats_dir='../saved_regdb_resnet/upr_b01_g00_w2_p2s5_step5b_20260622_070939_3257890_1/relation_stats', relation_stats_every=1, upr_cre=True, upr_beta=0.1, upr_gamma=0.0, upr_margin_weight=1.0, upr_warmup_epoch=2, num_classes=206)
building regdb dataset ...
loading regdb dataset ...
Downloading: "https://download.pytorch.org/models/resnet50-0676ba61.pth" to /root/.cache/torch/hub/checkpoints/resnet50-0676ba61.pth
  0%|          | 0.00/97.8M [00:00<?, ?B/s] 17%|█▋        | 16.9M/97.8M [00:00<00:00, 176MB/s] 35%|███▌      | 34.4M/97.8M [00:00<00:00, 180MB/s] 53%|█████▎    | 51.6M/97.8M [00:00<00:00, 177MB/s] 70%|███████   | 68.6M/97.8M [00:00<00:00, 177MB/s] 88%|████████▊ | 85.6M/97.8M [00:00<00:00, 177MB/s]100%|██████████| 97.8M/97.8M [00:00<00:00, 178MB/s]
load /kaggle/working/step5b_checkpoint/phase1_model_5.pth
from 0 epoch training
Time: 2026-06-22 07:10:55 | start phase2 from epoch 0
extracting rgb features
extracting ir features
get match labels
[relation diagnostics] epoch=0 common=47 specific=32 remain=99 mutual=0.3310 r2i_acc=0.3732 i2r_acc=0.3468 common_acc=0.5957
=================================================
Epoch: 0;Time: 2026-06-22 07:19:48;Setting: ../saved_regdb_resnet/upr_b01_g00_w2_p2s5_step5b_20260622_070939_3257890_1
e_lr: 4.5e-06
r2r_id_loss: 0.054551795;  i2i_id_loss: 0.08403939;  
tri_loss_rgb: 0.0042293505;  tri_loss_ir: 0.003840155;  
i2r_cmo_loss: 1.8587632;  rgb_cross_loss: 4.8078365;  
ir_cross_loss: 4.920094;  r2i_cmo_loss: 1.7914015;  

R1:0.2694;   R10:0.4461;  R20:0.5311;  mAP:0.2799;  mINP:0.2103
                   Best_R1: 0.2694;    Best mAP: 0.2799
=================================================
extracting rgb features
extracting ir features
get match labels
[relation diagnostics] epoch=1 common=59 specific=32 remain=95 mutual=0.3907 r2i_acc=0.4636 i2r_acc=0.4091 common_acc=0.6610
=================================================
Epoch: 1;Time: 2026-06-22 07:28:47;Setting: ../saved_regdb_resnet/upr_b01_g00_w2_p2s5_step5b_20260622_070939_3257890_1
e_lr: 4.9050000000000006e-05
r2r_id_loss: 0.33260784;  i2i_id_loss: 0.16046154;  
tri_loss_rgb: 0.0037687162;  tri_loss_ir: 0.0083588315;  
r2i_cmo_loss: 0.6545879;  i2r_cmo_loss: 0.6661307;  
rgb_cross_loss: 1.2470361;  ir_cross_loss: 1.8088968;  

R1:0.3374;   R10:0.4903;  R20:0.5932;  mAP:0.3359;  mINP:0.2534
                   Best_R1: 0.3374;    Best mAP: 0.3359
=================================================
extracting rgb features
extracting ir features
get match labels
[relation diagnostics] epoch=2 common=113 specific=5 remain=61 mutual=0.7386 r2i_acc=0.5359 i2r_acc=0.4663 common_acc=0.5929
=================================================
Epoch: 2;Time: 2026-06-22 07:37:46;Setting: ../saved_regdb_resnet/upr_b01_g00_w2_p2s5_step5b_20260622_070939_3257890_1
e_lr: 9.360000000000001e-05
r2r_id_loss: 0.26390266;  i2i_id_loss: 0.18049723;  
tri_loss_rgb: 0.0025572493;  tri_loss_ir: 0.0068390616;  
r2i_cmo_loss: 0.35773712;  i2r_cmo_loss: 0.45311204;  
rgb_cross_loss: 0.22023013;  ir_cross_loss: 0.21457486;  

R1:0.3728;   R10:0.5607;  R20:0.6335;  mAP:0.3812;  mINP:0.2935
                   Best_R1: 0.3728;    Best mAP: 0.3812
=================================================
extracting rgb features
extracting ir features
get match labels
[relation diagnostics] epoch=3 common=131 specific=5 remain=52 mutual=0.8397 r2i_acc=0.5577 i2r_acc=0.5434 common_acc=0.6183
=================================================
Epoch: 3;Time: 2026-06-22 07:46:44;Setting: ../saved_regdb_resnet/upr_b01_g00_w2_p2s5_step5b_20260622_070939_3257890_1
e_lr: 0.00013815
r2r_id_loss: 0.28859717;  i2i_id_loss: 0.23271267;  
tri_loss_rgb: 0.0030575108;  tri_loss_ir: 0.005827972;  
r2i_cmo_loss: 0.3687976;  i2r_cmo_loss: 0.44562015;  
rgb_cross_loss: 0.16417801;  ir_cross_loss: 0.11828752;  

R1:0.4136;   R10:0.6112;  R20:0.6927;  mAP:0.4132;  mINP:0.3220
                   Best_R1: 0.4136;    Best mAP: 0.4132
=================================================
extracting rgb features
extracting ir features
get match labels
[relation diagnostics] epoch=4 common=150 specific=2 remain=32 mutual=0.9091 r2i_acc=0.6000 i2r_acc=0.5593 common_acc=0.6133
=================================================
Epoch: 4;Time: 2026-06-22 07:55:43;Setting: ../saved_regdb_resnet/upr_b01_g00_w2_p2s5_step5b_20260622_070939_3257890_1
e_lr: 0.0001827
r2r_id_loss: 0.34464955;  i2i_id_loss: 0.3058206;  
tri_loss_rgb: 0.004682359;  tri_loss_ir: 0.0064008166;  
r2i_cmo_loss: 0.45044395;  i2r_cmo_loss: 0.5009678;  
rgb_cross_loss: 0.14964752;  ir_cross_loss: 0.12348511;  

R1:0.4913;   R10:0.6850;  R20:0.7539;  mAP:0.4707;  mINP:0.3640
                   Best_R1: 0.4913;    Best mAP: 0.4707
=================================================
